Using pre-set license
Built from '2021.3/staging' branch; Version is '2021.3.3f1 (af2e63e8f9bd) revision 11480675'; Using compiler version '192829333'; Build Type 'Release'
OS: 'Windows 10  (10.0.19044) 64bit CoreSingleLanguage' Language: 'en' Physical Memory: 7541 MB
BatchMode: 1, IsHumanControllingUs: 0, StartBugReporterOnCrash: 0, Is64bit: 1, IsPro: 1

COMMAND LINE ARGUMENTS:
E:\2021.3.3f1\Editor\Unity.exe
-adb2
-batchMode
-noUpm
-name
AssetImportWorker1
-projectPath
E:/project john/JOHN
-logFile
Logs/AssetImportWorker1.log
-srvPort
65534
Successfully changed project path to: E:/project john/JOHN
E:/project john/JOHN
[UnityMemory] Configuration Parameters - Can be set up in boot.config
    "memorysetup-bucket-allocator-granularity=16"
    "memorysetup-bucket-allocator-bucket-count=8"
    "memorysetup-bucket-allocator-block-size=33554432"
    "memorysetup-bucket-allocator-block-count=8"
    "memorysetup-main-allocator-block-size=16777216"
    "memorysetup-thread-allocator-block-size=16777216"
    "memorysetup-gfx-main-allocator-block-size=16777216"
    "memorysetup-gfx-thread-allocator-block-size=16777216"
    "memorysetup-cache-allocator-block-size=4194304"
    "memorysetup-typetree-allocator-block-size=2097152"
    "memorysetup-profiler-bucket-allocator-granularity=16"
    "memorysetup-profiler-bucket-allocator-bucket-count=8"
    "memorysetup-profiler-bucket-allocator-block-size=33554432"
    "memorysetup-profiler-bucket-allocator-block-count=8"
    "memorysetup-profiler-allocator-block-size=16777216"
    "memorysetup-profiler-editor-allocator-block-size=1048576"
    "memorysetup-temp-allocator-size-main=16777216"
    "memorysetup-job-temp-allocator-block-size=2097152"
    "memorysetup-job-temp-allocator-block-size-background=1048576"
    "memorysetup-job-temp-allocator-reduction-small-platforms=262144"
    "memorysetup-temp-allocator-size-background-worker=32768"
    "memorysetup-temp-allocator-size-job-worker=262144"
    "memorysetup-temp-allocator-size-preload-manager=33554432"
    "memorysetup-temp-allocator-size-nav-mesh-worker=65536"
    "memorysetup-temp-allocator-size-audio-worker=65536"
    "memorysetup-temp-allocator-size-cloud-worker=32768"
    "memorysetup-temp-allocator-size-gi-baking-worker=262144"
    "memorysetup-temp-allocator-size-gfx=262144"
Refreshing native plugins compatible for Editor in 195.22 ms, found 3 plugins.
Preloading 0 native plugins for Editor in 0.00 ms.
Initialize engine version: 2021.3.3f1 (af2e63e8f9bd)
[Subsystems] Discovering subsystems at path E:/2021.3.3f1/Editor/Data/Resources/UnitySubsystems
[Subsystems] Discovering subsystems at path E:/project john/JOHN/Assets
GfxDevice: creating device client; threaded=0; jobified=0
Direct3D:
    Version:  Direct3D 11.0 [level 11.1]
    Renderer: NVIDIA GeForce GTX 1650 Ti (ID=0x1f95)
    Vendor:   NVIDIA
    VRAM:     3962 MB
    Driver:   30.0.15.1179
Initialize mono
Mono path[0] = 'E:/2021.3.3f1/Editor/Data/Managed'
Mono path[1] = 'E:/2021.3.3f1/Editor/Data/MonoBleedingEdge/lib/mono/unityjit-win32'
Mono config path = 'E:/2021.3.3f1/Editor/Data/MonoBleedingEdge/etc'
Using monoOptions --debugger-agent=transport=dt_socket,embedding=1,server=y,suspend=n,address=127.0.0.1:56020
Begin MonoManager ReloadAssembly
Registering precompiled unity dll's ...
Register platform support module: E:/2021.3.3f1/Editor/Data/PlaybackEngines/WebGLSupport/UnityEditor.WebGL.Extensions.dll
Register platform support module: E:/2021.3.3f1/Editor/Data/PlaybackEngines/WindowsStandaloneSupport/UnityEditor.WindowsStandalone.Extensions.dll
Registered in 0.006435 seconds.
Native extension for WindowsStandalone target not found
Native extension for WebGL target not found
Refreshing native plugins compatible for Editor in 177.26 ms, found 3 plugins.
Preloading 0 native plugins for Editor in 0.00 ms.
Mono: successfully reloaded assembly
- Completed reload, in  1.068 seconds
Domain Reload Profiling:
	ReloadAssembly (1069ms)
		BeginReloadAssembly (105ms)
			ExecutionOrderSort (0ms)
			DisableScriptedObjects (0ms)
			BackupInstance (0ms)
			ReleaseScriptingObjects (0ms)
			CreateAndSetChildDomain (1ms)
		EndReloadAssembly (781ms)
			LoadAssemblies (104ms)
			RebuildTransferFunctionScriptingTraits (0ms)
			SetupTypeCache (203ms)
			ReleaseScriptCaches (0ms)
			RebuildScriptCaches (38ms)
			SetupLoadedEditorAssemblies (458ms)
				LogAssemblyErrors (0ms)
				InitializePlatformSupportModulesInManaged (10ms)
				SetLoadedEditorAssemblies (0ms)
				RefreshPlugins (177ms)
				BeforeProcessingInitializeOnLoad (2ms)
				ProcessInitializeOnLoadAttributes (197ms)
				ProcessInitializeOnLoadMethodAttributes (71ms)
				AfterProcessingInitializeOnLoad (0ms)
				EditorAssembliesLoaded (0ms)
			ExecutionOrderSort2 (0ms)
			AwakeInstancesAfterBackupRestoration (0ms)
Platform modules already initialized, skipping
Registering precompiled user dll's ...
Registered in 0.011846 seconds.
Begin MonoManager ReloadAssembly
Symbol file LoadedFromMemory doesn't match image E:\project john\JOHN\Library\PackageCache\com.unity.visualscripting@1.7.6\Editor\VisualScripting.Core\Dependencies\YamlDotNet\Unity.VisualScripting.YamlDotNet.dll
Symbol file LoadedFromMemory doesn't match image E:\project john\JOHN\Library\PackageCache\com.unity.visualscripting@1.7.6\Editor\VisualScripting.Core\Dependencies\DotNetZip\Unity.VisualScripting.IonicZip.dll
Native extension for WindowsStandalone target not found
Native extension for WebGL target not found
Refreshing native plugins compatible for Editor in 1.07 ms, found 3 plugins.
Preloading 0 native plugins for Editor in 0.00 ms.
Mono: successfully reloaded assembly
- Completed reload, in  1.721 seconds
Domain Reload Profiling:
	ReloadAssembly (1722ms)
		BeginReloadAssembly (163ms)
			ExecutionOrderSort (0ms)
			DisableScriptedObjects (8ms)
			BackupInstance (0ms)
			ReleaseScriptingObjects (0ms)
			CreateAndSetChildDomain (28ms)
		EndReloadAssembly (1379ms)
			LoadAssemblies (123ms)
			RebuildTransferFunctionScriptingTraits (0ms)
			SetupTypeCache (482ms)
			ReleaseScriptCaches (1ms)
			RebuildScriptCaches (109ms)
			SetupLoadedEditorAssemblies (605ms)
				LogAssemblyErrors (0ms)
				InitializePlatformSupportModulesInManaged (8ms)
				SetLoadedEditorAssemblies (1ms)
				RefreshPlugins (1ms)
				BeforeProcessingInitializeOnLoad (148ms)
				ProcessInitializeOnLoadAttributes (381ms)
				ProcessInitializeOnLoadMethodAttributes (62ms)
				AfterProcessingInitializeOnLoad (4ms)
				EditorAssembliesLoaded (0ms)
			ExecutionOrderSort2 (0ms)
			AwakeInstancesAfterBackupRestoration (9ms)
Platform modules already initialized, skipping
========================================================================
Worker process is ready to serve import requests
Launched and connected shader compiler UnityShaderCompiler.exe after 0.67 seconds
Refreshing native plugins compatible for Editor in 1.92 ms, found 3 plugins.
Preloading 0 native plugins for Editor in 0.00 ms.
Unloading 3893 Unused Serialized files (Serialized files now loaded: 0)
Unloading 65 unused Assets / (1.4 MB). Loaded Objects now: 4328.
Memory consumption went from 216.2 MB to 214.8 MB.
Total: 10.982600 ms (FindLiveObjects: 0.920800 ms CreateObjectMapping: 0.624500 ms MarkObjects: 8.367200 ms  DeleteObjects: 1.065900 ms)

AssetImportParameters requested are different than current active one (requested -> active):
  custom:video-decoder-ogg-theora: a1e56fd34408186e4bbccfd4996cb3dc -> 
  custom:container-muxer-webm: aa71ff27fc2769a1b78a27578f13a17b -> 
  custom:container-demuxer-webm: 4f35f7cbe854078d1ac9338744f61a02 -> 
  custom:video-encoder-webm-vp8: eb34c28f22e8b96e1ab97ce403110664 -> 
  custom:video-codec-MediaFoundation-h265: 746d11721c4dcdbdad8f713fa42b33f4 -> 
  custom:audio-encoder-webm-vorbis: bf7c407c2cedff20999df2af8eb42d56 -> 
  custom:framework-win-MediaFoundation: 216162199b28c13a410421893ffa2e32 -> 
  custom:container-demuxer-ogg: 62fdf1f143b41e24485cea50d1cbac27 -> 
  custom:video-decoder-webm-vp8: 9c59270c3fd7afecdb556c50c9e8de78 -> 
  custom:audio-decoder-ogg-vorbis: bf7c407c2cedff20999df2af8eb42d56 -> 
========================================================================
Received Import Request.
  Time since last request: 32194.120097 seconds.
  path: Assets/Animated 2D Coins
  artifactKey: Guid(b95a5561b063e704b971ea23bc52ed31) Importer(815301076,1909f56bfc062723c751e8b465ee728b)
Start importing Assets/Animated 2D Coins using Guid(b95a5561b063e704b971ea23bc52ed31) Importer(815301076,1909f56bfc062723c751e8b465ee728b)  -> (artifact id: '09d58e9812746a50c9de60259f4d8b53') in 0.238361 seconds 
========================================================================
Received Import Request.
  Time since last request: 28.298664 seconds.
  path: Assets/Animated 2D Coins/Prefab/GBP.prefab
  artifactKey: Guid(0654a34295c87b9488c6779e4ddd165b) Importer(815301076,1909f56bfc062723c751e8b465ee728b)
Start importing Assets/Animated 2D Coins/Prefab/GBP.prefab using Guid(0654a34295c87b9488c6779e4ddd165b) Importer(815301076,1909f56bfc062723c751e8b465ee728b)  -> (artifact id: 'ac076239af93ab4b533ea9ba2ccc699b') in 0.256433 seconds 
========================================================================
Received Import Request.
  Time since last request: 0.000083 seconds.
  path: Assets/Animated 2D Coins/Prefab/JPY.prefab
  artifactKey: Guid(b8e7fde7b294b46449cd9ebe8530b2f1) Importer(815301076,1909f56bfc062723c751e8b465ee728b)
Start importing Assets/Animated 2D Coins/Prefab/JPY.prefab using Guid(b8e7fde7b294b46449cd9ebe8530b2f1) Importer(815301076,1909f56bfc062723c751e8b465ee728b)  -> (artifact id: '81f982530c3b07059dd771fa36b3cd0e') in 0.016988 seconds 
========================================================================
Received Import Request.
  Time since last request: 0.000062 seconds.
  path: Assets/Animated 2D Coins/Prefab/UAH.prefab
  artifactKey: Guid(fed683c4b3747f641ad0b7ffe2e286d2) Importer(815301076,1909f56bfc062723c751e8b465ee728b)
Start importing Assets/Animated 2D Coins/Prefab/UAH.prefab using Guid(fed683c4b3747f641ad0b7ffe2e286d2) Importer(815301076,1909f56bfc062723c751e8b465ee728b)  -> (artifact id: '569ff016ce5d3c3d670ddb8536a9b3aa') in 0.022109 seconds 
========================================================================
Received Import Request.
  Time since last request: 542.396003 seconds.
  path: Assets/Textures/BathRoom/BathtubLeg_Albedo.tif
  artifactKey: Guid(8b0c12b29315a7d4dbe2e5aeb92f67ca) Importer(815301076,1909f56bfc062723c751e8b465ee728b)
Start importing Assets/Textures/BathRoom/BathtubLeg_Albedo.tif using Guid(8b0c12b29315a7d4dbe2e5aeb92f67ca) Importer(815301076,1909f56bfc062723c751e8b465ee728b)  -> (artifact id: 'ff59c4421fbfcd4211a48025f54b1fad') in 0.336093 seconds 
========================================================================
Received Import Request.
  Time since last request: 0.000064 seconds.
  path: Assets/LiquidFire Package 4 - BSH games/Devtoid - Gold Coins/3D Assets/Silver Coins/Mesh/SilverCoins.fbx
  artifactKey: Guid(af9709c5be902e449bdcbddf1c235605) Importer(815301076,1909f56bfc062723c751e8b465ee728b)
Start importing Assets/LiquidFire Package 4 - BSH games/Devtoid - Gold Coins/3D Assets/Silver Coins/Mesh/SilverCoins.fbx using Guid(af9709c5be902e449bdcbddf1c235605) Importer(815301076,1909f56bfc062723c751e8b465ee728b)  -> (artifact id: '690ff54ea623a7efe6fe3eece9b29a22') in 0.320353 seconds 
========================================================================
Received Import Request.
  Time since last request: 0.000060 seconds.
  path: Assets/Textures/BathRoom/BathtubLeg_Occlusion.tif
  artifactKey: Guid(31a2f2c86823ffa4eb5240e4fec6b4ea) Importer(815301076,1909f56bfc062723c751e8b465ee728b)
Start importing Assets/Textures/BathRoom/BathtubLeg_Occlusion.tif using Guid(31a2f2c86823ffa4eb5240e4fec6b4ea) Importer(815301076,1909f56bfc062723c751e8b465ee728b)  -> (artifact id: 'abdba334d0e35150bbb8200665e534d9') in 0.045466 seconds 
========================================================================
Received Import Request.
  Time since last request: 0.000043 seconds.
  path: Assets/LiquidFire Package 4 - BSH games/Devtoid - Gold Coins/3D Assets/Silver Coin - Single/Mesh/Materials/goldCoin_Diffuse.mat
  artifactKey: Guid(cdc47b82f1a1c984289ef61716cbd7cb) Importer(815301076,1909f56bfc062723c751e8b465ee728b)
Start importing Assets/LiquidFire Package 4 - BSH games/Devtoid - Gold Coins/3D Assets/Silver Coin - Single/Mesh/Materials/goldCoin_Diffuse.mat using Guid(cdc47b82f1a1c984289ef61716cbd7cb) Importer(815301076,1909f56bfc062723c751e8b465ee728b)  -> (artifact id: '104e56721fb015901f6ef8d15f7cf531') in 0.228732 seconds 
========================================================================
Received Import Request.
  Time since last request: 0.000083 seconds.
  path: Assets/LiquidFire Package 4 - BSH games/Devtoid - Gold Coins/3D Assets/Silver Coin - Single/Mesh/SilverCoin.fbx
  artifactKey: Guid(f576fcca16564b34390813d3bcc9074e) Importer(815301076,1909f56bfc062723c751e8b465ee728b)
Start importing Assets/LiquidFire Package 4 - BSH games/Devtoid - Gold Coins/3D Assets/Silver Coin - Single/Mesh/SilverCoin.fbx using Guid(f576fcca16564b34390813d3bcc9074e) Importer(815301076,1909f56bfc062723c751e8b465ee728b)  -> (artifact id: '757cd01f357d7ca627430a0251b6fbe2') in 0.080597 seconds 
========================================================================
Received Import Request.
  Time since last request: 0.000073 seconds.
  path: Assets/LiquidFire Package 4 - BSH games/Devtoid - Gold Coins/3D Assets/Gold Coins/Textures/GoldCoins_AlbedoTransparency.png
  artifactKey: Guid(cf08aeb1da73b6142be2a02582dcf194) Importer(815301076,1909f56bfc062723c751e8b465ee728b)
Start importing Assets/LiquidFire Package 4 - BSH games/Devtoid - Gold Coins/3D Assets/Gold Coins/Textures/GoldCoins_AlbedoTransparency.png using Guid(cf08aeb1da73b6142be2a02582dcf194) Importer(815301076,1909f56bfc062723c751e8b465ee728b)  -> (artifact id: '90efc5a918349fb6eca1eabf14064ca7') in 0.060208 seconds 
========================================================================
Received Import Request.
  Time since last request: 0.000081 seconds.
  path: Assets/LiquidFire Package 4 - BSH games/Devtoid - Gold Coins/3D Assets/Copper Coin - Single/Mesh/CopperCoin.fbx
  artifactKey: Guid(24071304340076549a2e49390b69cdec) Importer(815301076,1909f56bfc062723c751e8b465ee728b)
Start importing Assets/LiquidFire Package 4 - BSH games/Devtoid - Gold Coins/3D Assets/Copper Coin - Single/Mesh/CopperCoin.fbx using Guid(24071304340076549a2e49390b69cdec) Importer(815301076,1909f56bfc062723c751e8b465ee728b)  -> (artifact id: '4c0b8610ec7388c6e539467bc035c6ac') in 0.079259 seconds 
========================================================================
Received Import Request.
  Time since last request: 0.000056 seconds.
  path: Assets/Textures/BathRoom/BathtubLeg_MetallicSmooth.tif
  artifactKey: Guid(035b28d384a3fe44c96407179c34f574) Importer(815301076,1909f56bfc062723c751e8b465ee728b)
Start importing Assets/Textures/BathRoom/BathtubLeg_MetallicSmooth.tif using Guid(035b28d384a3fe44c96407179c34f574) Importer(815301076,1909f56bfc062723c751e8b465ee728b)  -> (artifact id: '57b3026f6c260bdcb1444aeb0372a47d') in 0.033996 seconds 
========================================================================
Received Import Request.
  Time since last request: 0.000065 seconds.
  path: Assets/LiquidFire Package 4 - BSH games/Devtoid - Gold Coins/3D Assets/Gold Coins/Textures/GoldCoins_MetallicSmoothness.png
  artifactKey: Guid(45e76845b928140479183924cebe213f) Importer(815301076,1909f56bfc062723c751e8b465ee728b)
Start importing Assets/LiquidFire Package 4 - BSH games/Devtoid - Gold Coins/3D Assets/Gold Coins/Textures/GoldCoins_MetallicSmoothness.png using Guid(45e76845b928140479183924cebe213f) Importer(815301076,1909f56bfc062723c751e8b465ee728b)  -> (artifact id: '13db7329138dd51eb94045843d402060') in 0.030597 seconds 
========================================================================
Received Import Request.
  Time since last request: 0.000080 seconds.
  path: Assets/LiquidFire Package 4 - BSH games/Devtoid - Gold Coins/3D Assets/Gold Coin - Single/Materials/Gold Coin - Single.mat
  artifactKey: Guid(2108d8603f3bd8a4889e438479b3fd2d) Importer(815301076,1909f56bfc062723c751e8b465ee728b)
Start importing Assets/LiquidFire Package 4 - BSH games/Devtoid - Gold Coins/3D Assets/Gold Coin - Single/Materials/Gold Coin - Single.mat using Guid(2108d8603f3bd8a4889e438479b3fd2d) Importer(815301076,1909f56bfc062723c751e8b465ee728b)  -> (artifact id: '074c49baab9d444b2d8f89f6de9e9c87') in 0.056640 seconds 
========================================================================
Received Import Request.
  Time since last request: 0.000040 seconds.
  path: Assets/Gizmos/Cinemachine/cm_logo_lg.png
  artifactKey: Guid(d0ceea9f3e3fc1d4e8656992705ebec1) Importer(815301076,1909f56bfc062723c751e8b465ee728b)
Start importing Assets/Gizmos/Cinemachine/cm_logo_lg.png using Guid(d0ceea9f3e3fc1d4e8656992705ebec1) Importer(815301076,1909f56bfc062723c751e8b465ee728b)  -> (artifact id: 'd30445c53ea6e66d4092030a51cf9e7d') in 0.081385 seconds 
Editor requested this worker to shutdown with reason: Scaling down because of idle timeout
AssetImportWorker is now disconnected from the server
Process exiting
Exiting without the bug reporter. Application will terminate with return code 0